# JRE version: Java(TM) SE Runtime Environment (8.0_161-b12) (build 1.8.0_161-b12)
# Java VM: Java HotSpot(TM) 64-Bit Server VM (25.161-b12 mixed mode windows-amd64 compressed oops)
Heap:
 PSYoungGen      total 28160K, used 160K [0x00000000e0980000, 0x00000000e2880000, 0x0000000100000000)
  eden space 26624K, 0% used [0x00000000e0980000,0x00000000e0980000,0x00000000e2380000)
  from space 1536K, 10% used [0x00000000e2580000,0x00000000e25a8000,0x00000000e2700000)
  to   space 1536K, 0% used [0x00000000e2700000,0x00000000e2700000,0x00000000e2880000)
 ParOldGen       total 83456K, used 36848K [0x00000000a1c00000, 0x00000000a6d80000, 0x00000000e0980000)
  object space 83456K, 44% used [0x00000000a1c00000,0x00000000a3ffc300,0x00000000a6d80000)
 Metaspace       used 35269K, capacity 35770K, committed 36096K, reserved 1081344K
  class space    used 4880K, capacity 5075K, committed 5120K, reserved 1048576K
GC Heap History (10 events):
Event: 14525.885 GC heap after
Heap after GC invocations=97 (full 2):
 PSYoungGen      total 29184K, used 736K [0x00000000e0980000, 0x00000000e2b00000, 0x0000000100000000)
  eden space 28160K, 0% used [0x00000000e0980000,0x00000000e0980000,0x00000000e2500000)
  from space 1024K, 71% used [0x00000000e2780000,0x00000000e2838020,0x00000000e2880000)
  to   space 2048K, 0% used [0x00000000e2900000,0x00000000e2900000,0x00000000e2b00000)
 ParOldGen       total 83456K, used 36192K [0x00000000a1c00000, 0x00000000a6d80000, 0x00000000e0980000)
  object space 83456K, 43% used [0x00000000a1c00000,0x00000000a3f58290,0x00000000a6d80000)
 Metaspace       used 35268K, capacity 35770K, committed 36096K, reserved 1081344K
  class space    used 4880K, capacity 5075K, committed 5120K, reserved 1048576K
}
Event: 14530.766 GC heap before
{Heap before GC invocations=98 (full 2):
 PSYoungGen      total 29184K, used 28896K [0x00000000e0980000, 0x00000000e2b00000, 0x0000000100000000)
  eden space 28160K, 100% used [0x00000000e0980000,0x00000000e2500000,0x00000000e2500000)
  from space 1024K, 71% used [0x00000000e2780000,0x00000000e2838020,0x00000000e2880000)
  to   space 2048K, 0% used [0x00000000e2900000,0x00000000e2900000,0x00000000e2b00000)
 ParOldGen       total 83456K, used 36192K [0x00000000a1c00000, 0x00000000a6d80000, 0x00000000e0980000)
  object space 83456K, 43% used [0x00000000a1c00000,0x00000000a3f58290,0x00000000a6d80000)
 Metaspace       used 35268K, capacity 35770K, committed 36096K, reserved 1081344K
  class space    used 4880K, capacity 5075K, committed 5120K, reserved 1048576K
Event: 14530.768 GC heap after
Heap after GC invocations=98 (full 2):
 PSYoungGen      total 28672K, used 704K [0x00000000e0980000, 0x00000000e2a00000, 0x0000000100000000)
  eden space 27648K, 0% used [0x00000000e0980000,0x00000000e0980000,0x00000000e2480000)
  from space 1024K, 68% used [0x00000000e2900000,0x00000000e29b0020,0x00000000e2a00000)
  to   space 1536K, 0% used [0x00000000e2700000,0x00000000e2700000,0x00000000e2880000)
 ParOldGen       total 83456K, used 36256K [0x00000000a1c00000, 0x00000000a6d80000, 0x00000000e0980000)
  object space 83456K, 43% used [0x00000000a1c00000,0x00000000a3f68290,0x00000000a6d80000)
 Metaspace       used 35268K, capacity 35770K, committed 36096K, reserved 1081344K
  class space    used 4880K, capacity 5075K, committed 5120K, reserved 1048576K
}
Event: 14535.537 GC heap before
{Heap before GC invocations=99 (full 2):
 PSYoungGen      total 28672K, used 28352K [0x00000000e0980000, 0x00000000e2a00000, 0x0000000100000000)
  eden space 27648K, 100% used [0x00000000e0980000,0x00000000e2480000,0x00000000e2480000)
  from space 1024K, 68% used [0x00000000e2900000,0x00000000e29b0020,0x00000000e2a00000)
  to   space 1536K, 0% used [0x00000000e2700000,0x00000000e2700000,0x00000000e2880000)
 ParOldGen       total 83456K, used 36256K [0x00000000a1c00000, 0x00000000a6d80000, 0x00000000e0980000)
  object space 83456K, 43% used [0x00000000a1c00000,0x00000000a3f68290,0x00000000a6d80000)
 Metaspace       used 35268K, capacity 35770K, committed 36096K, reserved 1081344K
  class space    used 4880K, capacity 5075K, committed 5120K, reserved 1048576K
Event: 14535.539 GC heap after
Heap after GC invocations=99 (full 2):
 PSYoungGen      total 28160K, used 704K [0x00000000e0980000, 0x00000000e2980000, 0x0000000100000000)
  eden space 27136K, 0% used [0x00000000e0980000,0x00000000e0980000,0x00000000e2400000)
  from space 1024K, 68% used [0x00000000e2700000,0x00000000e27b0020,0x00000000e2800000)
  to   space 1536K, 0% used [0x00000000e2800000,0x00000000e2800000,0x00000000e2980000)
 ParOldGen       total 83456K, used 36312K [0x00000000a1c00000, 0x00000000a6d80000, 0x00000000e0980000)
  object space 83456K, 43% used [0x00000000a1c00000,0x00000000a3f76290,0x00000000a6d80000)
 Metaspace       used 35268K, capacity 35770K, committed 36096K, reserved 1081344K
  class space    used 4880K, capacity 5075K, committed 5120K, reserved 1048576K
}
Event: 14540.958 GC heap before
{Heap before GC invocations=100 (full 2):
 PSYoungGen      total 28160K, used 27840K [0x00000000e0980000, 0x00000000e2980000, 0x0000000100000000)
  eden space 27136K, 100% used [0x00000000e0980000,0x00000000e2400000,0x00000000e2400000)
  from space 1024K, 68% used [0x00000000e2700000,0x00000000e27b0020,0x00000000e2800000)
  to   space 1536K, 0% used [0x00000000e2800000,0x00000000e2800000,0x00000000e2980000)
 ParOldGen       total 83456K, used 36312K [0x00000000a1c00000, 0x00000000a6d80000, 0x00000000e0980000)
  object space 83456K, 43% used [0x00000000a1c00000,0x00000000a3f76290,0x00000000a6d80000)
 Metaspace       used 35268K, capacity 35770K, committed 36096K, reserved 1081344K
  class space    used 4880K, capacity 5075K, committed 5120K, reserved 1048576K
Event: 14540.960 GC heap after
Heap after GC invocations=100 (full 2):
 PSYoungGen      total 27136K, used 192K [0x00000000e0980000, 0x00000000e2880000, 0x0000000100000000)
  eden space 26624K, 0% used [0x00000000e0980000,0x00000000e0980000,0x00000000e2380000)
  from space 512K, 37% used [0x00000000e2800000,0x00000000e2830000,0x00000000e2880000)
  to   space 1536K, 0% used [0x00000000e2580000,0x00000000e2580000,0x00000000e2700000)
 ParOldGen       total 83456K, used 36776K [0x00000000a1c00000, 0x00000000a6d80000, 0x00000000e0980000)
  object space 83456K, 44% used [0x00000000a1c00000,0x00000000a3fea300,0x00000000a6d80000)
 Metaspace       used 35268K, capacity 35770K, committed 36096K, reserved 1081344K
  class space    used 4880K, capacity 5075K, committed 5120K, reserved 1048576K
}
Event: 14654.751 GC heap before
{Heap before GC invocations=101 (full 2):
 PSYoungGen      total 27136K, used 14719K [0x00000000e0980000, 0x00000000e2880000, 0x0000000100000000)
  eden space 26624K, 54% used [0x00000000e0980000,0x00000000e17aff40,0x00000000e2380000)
  from space 512K, 37% used [0x00000000e2800000,0x00000000e2830000,0x00000000e2880000)
  to   space 1536K, 0% used [0x00000000e2580000,0x00000000e2580000,0x00000000e2700000)
 ParOldGen       total 83456K, used 36776K [0x00000000a1c00000, 0x00000000a6d80000, 0x00000000e0980000)
  object space 83456K, 44% used [0x00000000a1c00000,0x00000000a3fea300,0x00000000a6d80000)
 Metaspace       used 35269K, capacity 35770K, committed 36096K, reserved 1081344K
  class space    used 4880K, capacity 5075K, committed 5120K, reserved 1048576K
Event: 14654.756 GC heap after
Heap after GC invocations=101 (full 2):
 PSYoungGen      total 28160K, used 160K [0x00000000e0980000, 0x00000000e2880000, 0x0000000100000000)
  eden space 26624K, 0% used [0x00000000e0980000,0x00000000e0980000,0x00000000e2380000)
  from space 1536K, 10% used [0x00000000e2580000,0x00000000e25a8000,0x00000000e2700000)
  to   space 1536K, 0% used [0x00000000e2700000,0x00000000e2700000,0x00000000e2880000)
 ParOldGen       total 83456K, used 36848K [0x00000000a1c00000, 0x00000000a6d80000, 0x00000000e0980000)
  object space 83456K, 44% used [0x00000000a1c00000,0x00000000a3ffc300,0x00000000a6d80000)
 Metaspace       used 35269K, capacity 35770K, committed 36096K, reserved 1081344K
  class space    used 4880K, capacity 5075K, committed 5120K, reserved 1048576K
}
Event: 14654.756 GC heap before
{Heap before GC invocations=102 (full 3):
 PSYoungGen      total 28160K, used 160K [0x00000000e0980000, 0x00000000e2880000, 0x0000000100000000)
  eden space 26624K, 0% used [0x00000000e0980000,0x00000000e0980000,0x00000000e2380000)
  from space 1536K, 10% used [0x00000000e2580000,0x00000000e25a8000,0x00000000e2700000)
  to   space 1536K, 0% used [0x00000000e2700000,0x00000000e2700000,0x00000000e2880000)
 ParOldGen       total 83456K, used 36848K [0x00000000a1c00000, 0x00000000a6d80000, 0x00000000e0980000)
  object space 83456K, 44% used [0x00000000a1c00000,0x00000000a3ffc300,0x00000000a6d80000)
 Metaspace       used 35269K, capacity 35770K, committed 36096K, reserved 1081344K
  class space    used 4880K, capacity 5075K, committed 5120K, reserved 1048576K

